[    0.000000] Linux version 4.15.0-204-generic (buildd@lcy02-amd64-030) (gcc version 7.5.0 (Ubuntu 7.5.0-3ubuntu1~18.04)) #215-Ubuntu SMP Fri Jan 20 18:24:59 UTC 2023 (Ubuntu 4.15.0-204.215-generic 4.15.18)
[    0.000000] Command line: BOOT_IMAGE=/boot/vmlinuz-4.15.0-204-generic root=LABEL=cloudimg-rootfs ro console=tty1 console=ttyS0
[    0.000000] KERNEL supported cpus:
[    0.000000]   Intel GenuineIntel
[    0.000000]   AMD AuthenticAMD
[    0.000000]   Centaur CentaurHauls
[    0.000000] [Firmware Bug]: TSC doesn't count with P0 frequency!
[    0.000000] x86/fpu: Supporting XSAVE feature 0x001: 'x87 floating point registers'
[    0.000000] x86/fpu: Supporting XSAVE feature 0x002: 'SSE registers'
[    0.000000] x86/fpu: Supporting XSAVE feature 0x004: 'AVX registers'
[    0.000000] x86/fpu: xstate_offset[2]:  576, xstate_sizes[2]:  256
[    0.000000] x86/fpu: Enabled xstate features 0x7, context size is 832 bytes, using 'standard' format.
[    0.000000] e820: BIOS-provided physical RAM map:
[    0.000000] BIOS-e820: [mem 0x0000000000000000-0x000000000009fbff] usable
[    0.000000] BIOS-e820: [mem 0x000000000009fc00-0x000000000009ffff] reserved
[    0.000000] BIOS-e820: [mem 0x00000000000f0000-0x00000000000fffff] reserved
[    0.000000] BIOS-e820: [mem 0x0000000000100000-0x000000003ffeffff] usable
[    0.000000] BIOS-e820: [mem 0x000000003fff0000-0x000000003fffffff] ACPI data
[    0.000000] BIOS-e820: [mem 0x00000000fec00000-0x00000000fec00fff] reserved
[    0.000000] BIOS-e820: [mem 0x00000000fee00000-0x00000000fee00fff] reserved
[    0.000000] BIOS-e820: [mem 0x00000000fffc0000-0x00000000ffffffff] reserved
[    0.000000] NX (Execute Disable) protection: active
[    0.000000] SMBIOS 2.5 present.
[    0.000000] DMI: innotek GmbH VirtualBox/VirtualBox, BIOS VirtualBox 12/01/2006
[    0.000000] Hypervisor detected: KVM
[    0.000000] e820: last_pfn = 0x3fff0 max_arch_pfn = 0x400000000
[    0.000000] MTRR: Disabled
[    0.000000] x86/PAT: MTRRs disabled, skipping PAT initialization too.
[    0.000000] CPU MTRRs all blank - virtualized system.
[    0.000000] x86/PAT: Configuration [0-7]: WB  WT  UC- UC  WB  WT  UC- UC  
[    0.000000] found SMP MP-table at [mem 0x0009fff0-0x0009ffff]
[    0.000000] Scanning 1 areas for low memory corruption
[    0.000000] RAMDISK: [mem 0x359cb000-0x36cdcfff]
[    0.000000] ACPI: Early table checksum verification disabled
[    0.000000] ACPI: RSDP 0x00000000000E0000 000024 (v02 VBOX  )
[    0.000000] ACPI: XSDT 0x000000003FFF0030 00003C (v01 VBOX   VBOXXSDT 00000001 ASL  00000061)
[    0.000000] ACPI: FACP 0x000000003FFF00F0 0000F4 (v04 VBOX   VBOXFACP 00000001 ASL  00000061)
[    0.000000] ACPI: DSDT 0x000000003FFF0470 002325 (v02 VBOX   VBOXBIOS 00000002 INTL 20200925)
[    0.000000] ACPI: FACS 0x000000003FFF0200 000040
[    0.000000] ACPI: FACS 0x000000003FFF0200 000040
[    0.000000] ACPI: APIC 0x000000003FFF0240 00005C (v02 VBOX   VBOXAPIC 00000001 ASL  00000061)
[    0.000000] ACPI: SSDT 0x000000003FFF02A0 0001CC (v01 VBOX   VBOXCPUT 00000002 INTL 20200925)
[    0.000000] ACPI: Reserving FACP table memory at [mem 0x3fff00f0-0x3fff01e3]
[    0.000000] ACPI: Reserving DSDT table memory at [mem 0x3fff0470-0x3fff2794]
[    0.000000] ACPI: Reserving FACS table memory at [mem 0x3fff0200-0x3fff023f]
[    0.000000] ACPI: Reserving FACS table memory at [mem 0x3fff0200-0x3fff023f]
[    0.000000] ACPI: Reserving APIC table memory at [mem 0x3fff0240-0x3fff029b]
[    0.000000] ACPI: Reserving SSDT table memory at [mem 0x3fff02a0-0x3fff046b]
[    0.000000] No NUMA configuration found
[    0.000000] Faking a node at [mem 0x0000000000000000-0x000000003ffeffff]
[    0.000000] NODE_DATA(0) allocated [mem 0x3ffc5000-0x3ffeffff]
[    0.000000] kvm-clock: cpu 0, msr 0:3ff44001, primary cpu clock
[    0.000000] kvm-clock: Using msrs 4b564d01 and 4b564d00
[    0.000000] kvm-clock: using sched offset of 3319995722 cycles
[    0.000000] clocksource: kvm-clock: mask: 0xffffffffffffffff max_cycles: 0x1cd42e4dffb, max_idle_ns: 881590591483 ns
[    0.000000] Zone ranges:
[    0.000000]   DMA      [mem 0x0000000000001000-0x0000000000ffffff]
[    0.000000]   DMA32    [mem 0x0000000001000000-0x000000003ffeffff]
[    0.000000]   Normal   empty
[    0.000000]   Device   empty
[    0.000000] Movable zone start for each node
[    0.000000] Early memory node ranges
[    0.000000]   node   0: [mem 0x0000000000001000-0x000000000009efff]
[    0.000000]   node   0: [mem 0x0000000000100000-0x000000003ffeffff]
[    0.000000] Reserved but unavailable: 104 pages
[    0.000000] Initmem setup node 0 [mem 0x0000000000001000-0x000000003ffeffff]
[    0.000000] ACPI: PM-Timer IO Port: 0x4008
[    0.000000] IOAPIC[0]: apic_id 2, version 32, address 0xfec00000, GSI 0-23
[    0.000000] ACPI: INT_SRC_OVR (bus 0 bus_irq 0 global_irq 2 dfl dfl)
[    0.000000] ACPI: INT_SRC_OVR (bus 0 bus_irq 9 global_irq 9 low level)
[    0.000000] Using ACPI (MADT) for SMP configuration information
[    0.000000] smpboot: Allowing 2 CPUs, 0 hotplug CPUs
[    0.000000] PM: Registered nosave memory: [mem 0x00000000-0x00000fff]
[    0.000000] PM: Registered nosave memory: [mem 0x0009f000-0x0009ffff]
[    0.000000] PM: Registered nosave memory: [mem 0x000a0000-0x000effff]
[    0.000000] PM: Registered nosave memory: [mem 0x000f0000-0x000fffff]
[    0.000000] e820: [mem 0x40000000-0xfebfffff] available for PCI devices
[    0.000000] Booting paravirtualized kernel on KVM
[    0.000000] clocksource: refined-jiffies: mask: 0xffffffff max_cycles: 0xffffffff, max_idle_ns: 7645519600211568 ns
[    0.000000] setup_percpu: NR_CPUS:8192 nr_cpumask_bits:2 nr_cpu_ids:2 nr_node_ids:1
[    0.000000] percpu: Embedded 50 pages/cpu s167936 r8192 d28672 u1048576
[    0.000000] PV qspinlock hash table entries: 256 (order: 0, 4096 bytes)
[    0.000000] Built 1 zonelists, mobility grouping on.  Total pages: 257913
[    0.000000] Policy zone: DMA32
[    0.000000] Kernel command line: BOOT_IMAGE=/boot/vmlinuz-4.15.0-204-generic root=LABEL=cloudimg-rootfs ro console=tty1 console=ttyS0
[    0.000000] Memory: 982644K/1048120K available (12300K kernel code, 2477K rwdata, 4324K rodata, 2480K init, 2720K bss, 65476K reserved, 0K cma-reserved)
[    0.000000] SLUB: HWalign=64, Order=0-3, MinObjects=0, CPUs=2, Nodes=1
[    0.000000] ftrace: allocating 39488 entries in 155 pages
[    0.004000] Hierarchical RCU implementation.
[    0.004000] 	RCU restricting CPUs from NR_CPUS=8192 to nr_cpu_ids=2.
[    0.004000] 	Tasks RCU enabled.
[    0.004000] RCU: Adjusting geometry for rcu_fanout_leaf=16, nr_cpu_ids=2
[    0.004000] NR_IRQS: 524544, nr_irqs: 440, preallocated irqs: 16
[    0.004000] random: crng init done
[    0.004000] Console: colour VGA+ 80x25
[    0.004000] console [tty1] enabled
[    0.004000] console [ttyS0] enabled
[    0.004000] ACPI: Core revision 20170831
[    0.004000] ACPI: 2 ACPI AML tables successfully acquired and loaded
[    0.004000] APIC: Switch to symmetric I/O mode setup
[    0.004000] x2apic enabled
[    0.004000] Switched APIC routing to physical x2apic.
[    0.004000] ..TIMER: vector=0x30 apic1=0 pin1=2 apic2=-1 pin2=-1
[    0.004000] tsc: Detected 3193.996 MHz processor
[    0.004000] Calibrating delay loop (skipped) preset value.. 6387.99 BogoMIPS (lpj=12775984)
[    0.004000] pid_max: default: 32768 minimum: 301
[    0.004000] Security Framework initialized
[    0.004000] Yama: becoming mindful.
[    0.004000] AppArmor: AppArmor initialized
[    0.004000] Dentry cache hash table entries: 131072 (order: 8, 1048576 bytes)
[    0.004000] Inode-cache hash table entries: 65536 (order: 7, 524288 bytes)
[    0.004000] Mount-cache hash table entries: 2048 (order: 2, 16384 bytes)
[    0.004000] Mountpoint-cache hash table entries: 2048 (order: 2, 16384 bytes)
[    0.004000] Last level iTLB entries: 4KB 1024, 2MB 1024, 4MB 512
[    0.004000] Last level dTLB entries: 4KB 1536, 2MB 1536, 4MB 768, 1GB 0
[    0.004000] Spectre V1 : Mitigation: usercopy/swapgs barriers and __user pointer sanitization
[    0.004000] Spectre V2 : Mitigation: Retpolines
[    0.004000] Spectre V2 : Spectre v2 / SpectreRSB mitigation: Filling RSB on context switch
[    0.004000] Spectre V2 : Spectre v2 / SpectreRSB : Filling RSB on VMEXIT
[    0.004000] RETBleed: Vulnerable
[    0.004000] Freeing SMP alternatives memory: 36K
[    0.122207] APIC calibration not consistent with PM-Timer: 110ms instead of 100ms
[    0.123577] APIC delta adjusted to PM-Timer: 6457076 (7137285)
[    0.124046] smpboot: CPU0: AMD Ryzen 7 2700 Eight-Core Processor (family: 0x17, model: 0x8, stepping: 0x2)
[    0.125105] Performance Events: PMU not available due to virtualization, using software events only.
[    0.126928] Hierarchical SRCU implementation.
[    0.128000] NMI watchdog: Perf event create on CPU 0 failed with -2
[    0.128002] NMI watchdog: Perf NMI watchdog permanently disabled
[    0.129007] smp: Bringing up secondary CPUs ...
[    0.129790] x86: Booting SMP configuration:
[    0.130412] .... node  #0, CPUs:      #1
[    0.004000] kvm-clock: cpu 1, msr 0:3ff44041, secondary cpu clock
[    0.134651] smp: Brought up 1 node, 2 CPUs
[    0.134651] smpboot: Max logical packages: 1
[    0.134651] smpboot: Total of 2 processors activated (12775.98 BogoMIPS)
[    0.136122] devtmpfs: initialized
[    0.136608] x86/mm: Memory block size: 128MB
[    0.137374] evm: security.selinux
[    0.137891] evm: security.SMACK64
[    0.138414] evm: security.SMACK64EXEC
[    0.138972] evm: security.SMACK64TRANSMUTE
[    0.140003] evm: security.SMACK64MMAP
[    0.140586] evm: security.apparmor
[    0.141133] evm: security.ima
[    0.141591] evm: security.capability
[    0.142187] clocksource: jiffies: mask: 0xffffffff max_cycles: 0xffffffff, max_idle_ns: 7645041785100000 ns
[    0.142187] futex hash table entries: 512 (order: 3, 32768 bytes)
[    0.142540] pinctrl core: initialized pinctrl subsystem
[    0.143983] RTC time: 13:44:24, date: 02/22/23
[    0.144144] NET: Registered protocol family 16
[    0.144943] audit: initializing netlink subsys (disabled)
[    0.148024] audit: type=2000 audit(1677073469.389:1): state=initialized audit_enabled=0 res=1
[    0.149194] cpuidle: using governor ladder
[    0.149194] cpuidle: using governor menu
[    0.149194] ACPI: bus type PCI registered
[    0.149194] acpiphp: ACPI Hot Plug PCI Controller Driver version: 0.5
[    0.149568] PCI: Using configuration type 1 for base access
[    0.150336] PCI: Using configuration type 1 for extended access
[    0.152411] HugeTLB registered 2.00 MiB page size, pre-allocated 0 pages
[    0.156055] ACPI: Added _OSI(Module Device)
[    0.156508] ACPI: Added _OSI(Processor Device)
[    0.157111] ACPI: Added _OSI(3.0 _SCP Extensions)
[    0.157733] ACPI: Added _OSI(Processor Aggregator Device)
[    0.158443] ACPI: Added _OSI(Linux-Dell-Video)
[    0.159036] ACPI: Added _OSI(Linux-Lenovo-NV-HDMI-Audio)
[    0.160007] ACPI: Added _OSI(Linux-HPI-Hybrid-Graphics)
[    0.160900] ACPI: Executed 1 blocks of module-level executable AML code
[    0.164984] ACPI: Interpreter enabled
[    0.165569] ACPI: (supports S0 S5)
[    0.166067] ACPI: Using IOAPIC for interrupt routing
[    0.166918] PCI: Using host bridge windows from ACPI; if necessary, use "pci=nocrs" and report a bug
[    0.168000] ACPI: Enabled 2 GPEs in block 00 to 07
[    0.172760] ACPI: PCI Root Bridge [PCI0] (domain 0000 [bus 00-ff])
[    0.173637] acpi PNP0A03:00: _OSC: OS supports [ExtendedConfig ASPM ClockPM Segments MSI]
[    0.175607] acpi PNP0A03:00: _OSC: platform does not support [PCIeCapability]
[    0.176427] acpi PNP0A03:00: _OSC: not requesting control; platform does not support [PCIeCapability]
[    0.177711] acpi PNP0A03:00: _OSC: OS requested [PCIeHotplug PME AER PCIeCapability]
[    0.178786] acpi PNP0A03:00: _OSC: platform willing to grant [PCIeHotplug PME AER]
[    0.180003] acpi PNP0A03:00: _OSC failed (AE_SUPPORT); disabling ASPM
[    0.181115] PCI host bridge to bus 0000:00
[    0.181625] pci_bus 0000:00: root bus resource [io  0x0000-0x0cf7 window]
[    0.182490] pci_bus 0000:00: root bus resource [io  0x0d00-0xffff window]
[    0.183304] pci_bus 0000:00: root bus resource [mem 0x000a0000-0x000bffff window]
[    0.184003] pci_bus 0000:00: root bus resource [mem 0x40000000-0xfdffffff window]
[    0.185067] pci_bus 0000:00: root bus resource [bus 00-ff]
[    0.186760] pci 0000:00:01.1: legacy IDE quirk: reg 0x10: [io  0x01f0-0x01f7]
[    0.188003] pci 0000:00:01.1: legacy IDE quirk: reg 0x14: [io  0x03f6]
[    0.188833] pci 0000:00:01.1: legacy IDE quirk: reg 0x18: [io  0x0170-0x0177]
[    0.189715] pci 0000:00:01.1: legacy IDE quirk: reg 0x1c: [io  0x0376]
[    0.197345] pci 0000:00:07.0: quirk: [io  0x4000-0x403f] claimed by PIIX4 ACPI
[    0.198474] pci 0000:00:07.0: quirk: [io  0x4100-0x410f] claimed by PIIX4 SMB
[    0.203453] ACPI: PCI Interrupt Link [LNKA] (IRQs 5 9 10 *11)
[    0.204246] ACPI: PCI Interrupt Link [LNKB] (IRQs 5 9 *10 11)
[    0.205101] ACPI: PCI Interrupt Link [LNKC] (IRQs 5 *9 10 11)
[    0.205908] ACPI: PCI Interrupt Link [LNKD] (IRQs 5 9 10 *11)
[    0.206917] SCSI subsystem initialized
[    0.207483] pci 0000:00:02.0: vgaarb: setting as boot VGA device
[    0.207483] pci 0000:00:02.0: vgaarb: VGA device added: decodes=io+mem,owns=io+mem,locks=none
[    0.207483] pci 0000:00:02.0: vgaarb: bridge control possible
[    0.207483] vgaarb: loaded
[    0.207483] ACPI: bus type USB registered
[    0.207483] usbcore: registered new interface driver usbfs
[    0.208013] usbcore: registered new interface driver hub
[    0.208489] usbcore: registered new device driver usb
[    0.208950] EDAC MC: Ver: 3.0.0
[    0.212108] PCI: Using ACPI for IRQ routing
[    0.212545] NetLabel: Initializing
[    0.212859] NetLabel:  domain hash size = 128
[    0.213247] NetLabel:  protocols = UNLABELED CIPSOv4 CALIPSO
[    0.213816] NetLabel:  unlabeled traffic allowed by default
[    0.214419] clocksource: Switched to clocksource kvm-clock
[    0.221732] VFS: Disk quotas dquot_6.6.0
[    0.222218] VFS: Dquot-cache hash table entries: 512 (order 0, 4096 bytes)
[    0.223004] AppArmor: AppArmor Filesystem Enabled
[    0.223523] pnp: PnP ACPI init
[    0.224552] pnp: PnP ACPI: found 3 devices
[    0.232100] clocksource: acpi_pm: mask: 0xffffff max_cycles: 0xffffff, max_idle_ns: 2085701024 ns
[    0.232926] NET: Registered protocol family 2
[    0.233344] IP idents hash table entries: 16384 (order: 5, 131072 bytes)
[    0.234569] TCP established hash table entries: 8192 (order: 4, 65536 bytes)
[    0.235164] TCP bind hash table entries: 8192 (order: 5, 131072 bytes)
[    0.235719] TCP: Hash tables configured (established 8192 bind 8192)
[    0.236095] UDP hash table entries: 512 (order: 2, 16384 bytes)
[    0.236827] UDP-Lite hash table entries: 512 (order: 2, 16384 bytes)
[    0.237365] NET: Registered protocol family 1
[    0.237809] pci 0000:00:00.0: Limiting direct PCI/PCI transfers
[    0.238318] pci 0000:00:01.0: Activating ISA DMA hang workarounds
[    0.238877] pci 0000:00:02.0: Video device with shadowed ROM at [mem 0x000c0000-0x000dffff]
[    0.239628] Unpacking initramfs...
[    0.464555] Freeing initrd memory: 19528K
[    0.465262] clocksource: tsc: mask: 0xffffffffffffffff max_cycles: 0x2e0a22bd7ca, max_idle_ns: 440795346533 ns
[    0.466551] platform rtc_cmos: registered platform RTC device (no PNP device found)
[    0.467514] Scanning for low memory corruption every 60 seconds
[    0.468797] Initialise system trusted keyrings
[    0.469296] Key type blacklist registered
[    0.469908] workingset: timestamp_bits=36 max_order=18 bucket_order=0
[    0.471370] zbud: loaded
[    0.472843] squashfs: version 4.0 (2009/01/31) Phillip Lougher
[    0.474645] fuse init (API version 7.26)
[    0.478009] Key type asymmetric registered
[    0.478696] Asymmetric key parser 'x509' registered
[    0.479434] Block layer SCSI generic (bsg) driver version 0.4 loaded (major 246)
[    0.480458] io scheduler noop registered
[    0.480954] io scheduler deadline registered
[    0.481566] io scheduler cfq registered (default)
[    0.482398] ACPI: AC Adapter [AC] (on-line)
[    0.482986] input: Power Button as /devices/LNXSYSTM:00/LNXPWRBN:00/input/input0
[    0.483964] ACPI: Power Button [PWRF]
[    0.484411] input: Sleep Button as /devices/LNXSYSTM:00/LNXSLPBN:00/input/input1
[    0.485069] ACPI: Sleep Button [SLPF]
[    0.485658] Serial: 8250/16550 driver, 32 ports, IRQ sharing enabled
[    0.506489] 00:02: ttyS0 at I/O 0x3f8 (irq = 4, base_baud = 115200) is a 16550A
[    0.509826] Linux agpgart interface v0.103
[    0.511992] loop: module loaded
[    0.512800] scsi host0: ata_piix
[    0.513275] scsi host1: ata_piix
[    0.514427] ata1: PATA max UDMA/33 cmd 0x1f0 ctl 0x3f6 bmdma 0xd000 irq 14
[    0.516468] ata2: PATA max UDMA/33 cmd 0x170 ctl 0x376 bmdma 0xd008 irq 15
[    0.519012] tun: Universal TUN/TAP device driver, 1.6
[    0.520690] PPP generic driver version 2.4.2
[    0.522084] ehci_hcd: USB 2.0 'Enhanced' Host Controller (EHCI) Driver
[    0.524039] ehci-pci: EHCI PCI platform driver
[    0.525438] ehci-platform: EHCI generic platform driver
[    0.526999] ohci_hcd: USB 1.1 'Open' Host Controller (OHCI) Driver
[    0.528962] ohci-pci: OHCI PCI platform driver
[    0.530469] ohci-platform: OHCI generic platform driver
[    0.532044] uhci_hcd: USB Universal Host Controller Interface driver
[    0.533932] i8042: PNP: PS/2 Controller [PNP0303:PS2K,PNP0f03:PS2M] at 0x60,0x64 irq 1,12
[    0.537199] serio: i8042 KBD port at 0x60,0x64 irq 1
[    0.537792] serio: i8042 AUX port at 0x60,0x64 irq 12
[    0.540531] mousedev: PS/2 mouse device common for all mice
[    0.542794] input: AT Translated Set 2 keyboard as /devices/platform/i8042/serio0/input/input2
[    0.544322] rtc_cmos rtc_cmos: rtc core: registered rtc_cmos as rtc0
[    0.546199] rtc_cmos rtc_cmos: alarms up to one day, 114 bytes nvram
[    0.547055] i2c /dev entries driver
[    0.547529] device-mapper: uevent: version 1.0.3
[    0.548098] device-mapper: ioctl: 4.37.0-ioctl (2017-09-20) initialised: dm-devel@redhat.com
[    0.548933] ledtrig-cpu: registered to indicate activity on CPUs
[    0.550184] NET: Registered protocol family 10
[    0.555343] Segment Routing with IPv6
[    0.555728] NET: Registered protocol family 17
[    0.556254] Key type dns_resolver registered
[    0.557887] mce: Using 0 MCE banks
[    0.559004] RAS: Correctable Errors collector initialized.
[    0.560660] sched_clock: Marking stable (560614655, 0)->(666838599, -106223944)
[    0.563391] registered taskstats version 1
[    0.564731] Loading compiled-in X.509 certificates
[    0.568628] Loaded X.509 cert 'Build time autogenerated kernel key: 449f52b446813ee48ad446aa51a5377584e80c28'
[    0.569943] Loaded X.509 cert 'Canonical Ltd. Live Patch Signing: 14df34d1a87cf37625abec039ef2bf521249b969'
[    0.571180] Loaded X.509 cert 'Canonical Ltd. Kernel Module Signing: 88f752e560a1e0737e31163a466ad7b70a850c19'
[    0.572118] blacklist: Loading compiled-in revocation X.509 certificates
[    0.572810] Loaded X.509 cert 'Canonical Ltd. Secure Boot Signing: 61482aa2830d0ab2ad5af10b7250da9033ddcef0'
[    0.573651] Loaded X.509 cert 'Canonical Ltd. Secure Boot Signing (2017): 242ade75ac4a15e50d50c84b0d45ff3eae707a03'
[    0.574521] Loaded X.509 cert 'Canonical Ltd. Secure Boot Signing (ESM 2018): 365188c1d374d6b07c3c8f240f8ef722433d6a8b'
[    0.575966] Loaded X.509 cert 'Canonical Ltd. Secure Boot Signing (2019): c0746fd6c5da3ae827864651ad66ae47fe24b3e8'
[    0.577468] Loaded X.509 cert 'Canonical Ltd. Secure Boot Signing (2021 v1): a8d54bbb3825cfb94fa13c9f8a594a195c107b8d'
[    0.578884] Loaded X.509 cert 'Canonical Ltd. Secure Boot Signing (2021 v2): 4cf046892d6fd3c9a5b03f98d845f90851dc6a8c'
[    0.580335] Loaded X.509 cert 'Canonical Ltd. Secure Boot Signing (2021 v3): 100437bb6de6e469b581e61cd66bce3ef4ed53af'
[    0.581927] Loaded X.509 cert 'Canonical Ltd. Secure Boot Signing (Ubuntu Core 2019): c1d57b8f6b743f23ee41f4f7ee292f06eecadfb9'
[    0.583444] zswap: loaded using pool lzo/zbud
[    0.588858] Key type big_key registered
[    0.589443] Key type trusted registered
[    0.591968] Key type encrypted registered
[    0.592559] AppArmor: AppArmor sha1 policy hashing enabled
[    0.593392] ima: No TPM chip found, activating TPM-bypass! (rc=-19)
[    0.594233] ima: Allocated hash algorithm: sha1
[    0.594981] evm: HMAC attrs: 0x1
[    0.595587]   Magic number: 11:690:736
[    0.596258] rtc_cmos rtc_cmos: setting system clock to 2023-02-22 13:44:25 UTC (1677073465)
[    0.597570] BIOS EDD facility v0.16 2004-Jun-25, 0 devices found
[    0.598353] EDD information not available.
[    0.703609] Freeing unused kernel image memory: 2480K
[    0.712291] Write protecting the kernel read-only data: 20480k
[    0.713737] Freeing unused kernel image memory: 2008K
[    0.714874] Freeing unused kernel image memory: 1820K
[    0.721869] x86/mm: Checked W+X mappings: passed, no W+X pages found.
Loading, please wait...
starting version 237
[    0.787068] e1000: Intel(R) PRO/1000 Network Driver - version 7.3.21-k8-NAPI
[    0.788231] e1000: Copyright (c) 1999-2006 Intel Corporation.
[    0.791060] Fusion MPT base driver 3.04.20
[    0.791714] Copyright (c) 1999-2008 LSI Corporation
[    0.795178] Fusion MPT SPI Host driver 3.04.20
[    0.806248] AVX2 version of gcm_enc/dec engaged.
[    0.807077] AES CTR mode by8 optimization enabled
[    1.033771] input: ImExPS/2 Generic Explorer Mouse as /devices/platform/i8042/serio1/input/input4
[    1.162214] e1000 0000:00:03.0 eth0: (PCI:33MHz:32-bit) 02:1d:71:e8:cf:d1
[    1.163948] e1000 0000:00:03.0 eth0: Intel(R) PRO/1000 Network Connection
[    1.166853] mptbase: ioc0: Initiating bringup
[    1.528435] ioc0: LSI53C1030 A0: Capabilities={Initiator}
[    3.944795] scsi host2: ioc0: LSI53C1030 A0, FwRev=00000000h, Ports=1, MaxQ=256, IRQ=20
[    4.125035] scsi 2:0:0:0: Direct-Access     VBOX     HARDDISK         1.0  PQ: 0 ANSI: 5
[    4.168102] scsi target2:0:0: Beginning Domain Validation
[    4.170727] scsi target2:0:0: Domain Validation skipping write tests
[    4.172259] scsi target2:0:0: Ending Domain Validation
[    4.173560] scsi target2:0:0: asynchronous
[    4.175278] scsi 2:0:1:0: Direct-Access     VBOX     HARDDISK         1.0  PQ: 0 ANSI: 5
[    4.449726] scsi target2:0:1: Beginning Domain Validation
[    4.451800] scsi target2:0:1: Domain Validation skipping write tests
[    4.452922] scsi target2:0:1: Ending Domain Validation
[    4.453966] scsi target2:0:1: asynchronous
[    4.458905] sd 2:0:0:0: Attached scsi generic sg0 type 0
[    4.459972] sd 2:0:0:0: [sda] 83886080 512-byte logical blocks: (42.9 GB/40.0 GiB)
[    4.460420] sd 2:0:1:0: [sdb] 20480 512-byte logical blocks: (10.5 MB/10.0 MiB)
[    4.461583] sd 2:0:1:0: Attached scsi generic sg1 type 0
[    4.462724] sd 2:0:0:0: [sda] Write Protect is off
[    4.464503] sd 2:0:1:0: [sdb] Write Protect is off
[    4.464601] sd 2:0:0:0: [sda] Incomplete mode parameter data
[    4.466347] sd 2:0:0:0: [sda] Assuming drive cache: write through
[    4.467520] sd 2:0:1:0: [sdb] Incomplete mode parameter data
[    4.468471] sd 2:0:1:0: [sdb] Assuming drive cache: write through
[    4.473252]  sda: sda1
[    4.474591] sd 2:0:0:0: [sda] Attached SCSI disk
[    4.476034] sd 2:0:1:0: [sdb] Attached SCSI disk
[    4.482750] e1000 0000:00:08.0 eth1: (PCI:33MHz:32-bit) 08:00:27:ec:22:ac
[    4.483985] e1000 0000:00:08.0 eth1: Intel(R) PRO/1000 Network Connection
[    4.486145] e1000 0000:00:08.0 enp0s8: renamed from eth1
[    4.500693] e1000 0000:00:03.0 enp0s3: renamed from eth0
Begin: Loading essential drivers ... [    5.952219] raid6: sse2x1   gen()  8098 MB/s
[    6.000251] raid6: sse2x1   xor()  6367 MB/s
[    6.048222] raid6: sse2x2   gen() 14878 MB/s
[    6.096434] raid6: sse2x2   xor()  9252 MB/s
[    6.144227] raid6: sse2x4   gen() 15821 MB/s
[    6.192512] raid6: sse2x4   xor()  9025 MB/s
[    6.240636] raid6: avx2x1   gen() 17286 MB/s
[    6.288369] raid6: avx2x1   xor() 11438 MB/s
[    6.336345] raid6: avx2x2   gen() 21748 MB/s
[    6.384375] raid6: avx2x2   xor() 13934 MB/s
[    6.432363] raid6: avx2x4   gen() 23571 MB/s
[    6.480347] raid6: avx2x4   xor() 12773 MB/s
[    6.481042] raid6: using algorithm avx2x4 gen() 23571 MB/s
[    6.481853] raid6: .... xor() 12773 MB/s, rmw enabled
[    6.482571] raid6: using avx2x2 recovery algorithm
[    6.484140] xor: automatically using best checksumming function   avx       
[    6.485947] async_tx: api initialized (async)
done.
Begin: Running /scripts/init-premount ... done.
Begin: Mounting root file system ... Begin: Running /scripts/local-top ... done.
Begin: Running /scripts/local-premount ... [    6.520175] Btrfs loaded, crc32c=crc32c-intel
Scanning for Btrfs filesystems
done.
Warning: fsck not present, so skipping root file system
[    6.549857] EXT4-fs (sda1): INFO: recovery required on readonly filesystem
[    6.551003] EXT4-fs (sda1): write access will be enabled during recovery
[    6.661538] EXT4-fs (sda1): orphan cleanup on readonly fs
[    6.663026] EXT4-fs (sda1): 1 orphan inode deleted
[    6.664337] EXT4-fs (sda1): recovery complete
[    6.666317] EXT4-fs (sda1): mounted filesystem with ordered data mode. Opts: (null)
done.
Begin: Running /scripts/local-bottom ... done.
Begin: Running /scripts/init-bottom ... done.
[    6.911147] ip_tables: (C) 2000-2006 Netfilter Core Team
[    6.924460] systemd[1]: systemd 237 running in system mode. (+PAM +AUDIT +SELINUX +IMA +APPARMOR +SMACK +SYSVINIT +UTMP +LIBCRYPTSETUP +GCRYPT +GNUTLS +ACL +XZ +LZ4 +SECCOMP +BLKID +ELFUTILS +KMOD -IDN2 +IDN -PCRE2 default-hierarchy=hybrid)
[    6.927692] systemd[1]: Detected virtualization oracle.
[    6.928635] systemd[1]: Detected architecture x86-64.

Welcome to [1mUbuntu 18.04.6 LTS[0m!

[    6.934088] systemd[1]: Set hostname to <ubuntu-bionic>.
[    7.573941] systemd[1]: Reached target Mounting snaps.
[[0;32m  OK  [0m] Reached target Mounting snaps.
[    7.576006] systemd[1]: Reached target User and Group Name Lookups.
[[0;32m  OK  [0m] Reached target User and Group Name Lookups.
[    7.578690] systemd[1]: Created slice System Slice.
[[0;32m  OK  [0m] Created slice System Slice.
[    7.596046] systemd[1]: Listening on /dev/initctl Compatibility Named Pipe.
[[0;32m  OK  [0m] Listening on /dev/initctl Compatibility Named Pipe.
[    7.599691] systemd[1]: Created slice system-serial\x2dgetty.slice.
[[0;32m  OK  [0m] Created slice system-serial\x2dgetty.slice.
[    8.040342] systemd[1]: Listening on Syslog Socket.
[[0;32m  OK  [0m] Listening on Syslog Socket.
[[0;32m  OK  [0m] Listening on Journal Socket.
         Starting Load Kernel Modules...
         Starting Create list of required st…ce nodes for the current kernel...
[[0;32m  OK  [0m] Listening on udev Control Socket.
[[0;32m  OK  [0m] Listening on LVM2 poll daemon socket.
         Starting Uncomplicated firewall...
[[0;32m  OK  [0m] Listening on udev Kernel Socket.
         Starting udev Coldplug all Devices...
[[0;32m  OK  [0m] Reached target Swap.
[[0;32m  OK  [0m] Reached target Mounted snaps.
[[0;32m  OK  [0m] Listening on Network Service Netlink Socket.
[[0;32m  OK  [0m] Set up automount Arbitrary Executab…rmats File System Automount Point.
         Starting Set the console keyboard layout...
         Mounting POSIX Message Queue File System...
[[0;32m  OK  [0m] Listening on Journal Socket (/dev/log).
[[0;32m  OK  [0m] Started Forward Password Requests to Wall Directory Watch.
[[0;32m  OK  [0m] Listening on fsck to fsckd communication Socket.
         Starting File System Check on Root Device...
[[0;32m  OK  [0m] Listening on LVM2 metadata daemon socket.
         Mounting Kernel Debug File System...
[[0;32m  OK  [0m] Listening on Device-mapper event daemon FIFOs.
         Starting Monitoring of LVM2 mirrors…ng dmeventd or progress polling...
[[0;32m  OK  [0m] Reached target System Time Synchronized.
[[0;32m  OK  [0m] Created slice User and Session Slice.
[[0;32m  OK  [0m] Reached target Slices.
[[0;32m  OK  [0m] Listening on Journal Audit Socket.
[    8.123418] Loading iSCSI transport class v2.0-870.
         Starting Journal Service...
         Mounting Huge Pages File System...
[[0;32m  OK  [0m] Started Create list of required sta…vice nodes for the current kernel.
[[0;32m  OK  [0m] Started Uncomplicated firewall.
[[0;32m  OK  [0m] Mounted POSIX Message Queue File System.
[[0;32m  OK  [0m] Mounted Kernel Debug File System.
         Starting Create Static Device Nodes in /dev...
[[0;32m  OK  [0m] Started File System Check Daemon to report status.
[[0;32m  OK  [0m] Mounted Huge Pages File System.
[[0;32m  OK  [0m] Started udev Coldplug all Devices.
[[0;32m  OK  [0m] Started LVM2 metadata daemon.
[    8.179829] iscsi: registered transport (tcp)
[    8.196352] iscsi: registered transport (iser)
[[0;32m  OK  [0m] Started Load Kernel Modules.
         Starting Apply Kernel Variables...
         Mounting Kernel Configuration File System...
         Mounting FUSE Control File System...
[[0;32m  OK  [0m] Mounted Kernel Configuration File System.
[[0;32m  OK  [0m] Mounted FUSE Control File System.
[[0;32m  OK  [0m] Started Create Static Device Nodes in /dev.
[[0;32m  OK  [0m] Started Journal Service.
[[0;32m  OK  [0m] Started File System Check on Root Device.
[[0;32m  OK  [0m] Started Monitoring of LVM2 mirrors,…sing dmeventd or progress polling.
[[0;32m  OK  [0m] Started Apply Kernel Variables.
         Starting Remount Root and Kernel File Systems...
[[0;32m  OK  [0m] Started Remount Root and Kernel File Systems.
         Starting Load/Save Random Seed...
         Starting Flush Journal to Persistent Storage...
         Starting udev Kernel Device Manager...
[[0;32m  OK  [0m] Started Load/Save Random Seed.
[[0;32m  OK  [0m] Started Set the console keyboard layout.
[[0;32m  OK  [0m] Reached target Local File Systems (Pre).
[[0;32m  OK  [0m] Reached target Local File Systems.
         Starting Tell Plymouth To Write Out Runtime Data...
         Starting Set console font and keymap...
         Starting ebtables ruleset management...
         Starting AppArmor initialization...
[[0;32m  OK  [0m] Started udev Kernel Device Manager.
[[0;32m  OK  [0m] Started Dispatch Password Requests to Console Directory Watch.
[[0;32m  OK  [0m] Reached target Local Encrypted Volumes.
[[0;32m  OK  [0m] Started Set console font and keymap.
[[0;32m  OK  [0m] Started Tell Plymouth To Write Out Runtime Data.
[[0;32m  OK  [0m] Started Flush Journal to Persistent Storage.
         Starting Create Volatile Files and Directories...
[[0;32m  OK  [0m] Found device /dev/ttyS0.
[[0;32m  OK  [0m] Started Create Volatile Files and Directories.
         Starting Update UTMP about System Boot/Shutdown...
[[0;32m  OK  [0m] Started ebtables ruleset management.
[[0;32m  OK  [0m] Started Update UTMP about System Boot/Shutdown.
[[0;32m  OK  [0m] Listening on Load/Save RF Kill Switch Status /dev/rfkill Watch.
[[0;32m  OK  [0m] Started AppArmor initialization.
         Starting Initial cloud-init job (pre-networking)...
         Starting Load AppArmor profiles managed internally by snapd...
         Mounting Arbitrary Executable File Formats File System...
[[0;32m  OK  [0m] Mounted Arbitrary Executable File Formats File System.
[[0;32m  OK  [0m] Started Load AppArmor profiles managed internally by snapd.
[   10.534906] cloud-init[564]: Cloud-init v. 22.4.2-0ubuntu0~18.04.1 running 'init-local' at Wed, 22 Feb 2023 13:44:35 +0000. Up 10.32 seconds.
[[0;32m  OK  [0m] Started Initial cloud-init job (pre-networking).
[[0;32m  OK  [0m] Reached target Network (Pre).
         Starting Network Service...
[[0;32m  OK  [0m] Started Network Service.
         Starting Network Name Resolution...
         Starting Wait for Network to be Configured...
[[0;32m  OK  [0m] Started Network Name Resolution.
[[0;32m  OK  [0m] Reached target Host and Network Name Lookups.
[[0;32m  OK  [0m] Reached target Network.
[[0;32m  OK  [0m] Started Wait for Network to be Configured.
         Starting Initial cloud-init job (metadata service crawler)...
[   12.755662] cloud-init[685]: Cloud-init v. 22.4.2-0ubuntu0~18.04.1 running 'init' at Wed, 22 Feb 2023 13:44:37 +0000. Up 12.59 seconds.
[   12.757570] cloud-init[685]: ci-info: ++++++++++++++++++++++++++++++++++++++Net device info+++++++++++++++++++++++++++++++++++++++
[   12.758788] cloud-init[685]: ci-info: +--------+------+-----------------------------+---------------+--------+-------------------+
[   12.759732] cloud-init[685]: ci-info: | Device |  Up  |           Address           |      Mask     | Scope  |     Hw-Address    |
[   12.760734] cloud-init[685]: ci-info: +--------+------+-----------------------------+---------------+--------+-------------------+
[   12.761717] cloud-init[685]: ci-info: | enp0s3 | True |          10.0.2.15          | 255.255.255.0 | global | 02:1d:71:e8:cf:d1 |
[   12.762727] cloud-init[685]: ci-info: | enp0s3 | True |  fe80::1d:71ff:fee8:cfd1/64 |       .       |  link  | 02:1d:71:e8:cf:d1 |
[   12.763630] cloud-init[685]: ci-info: | enp0s8 | True |        192.168.63.250       | 255.255.255.0 | global | 08:00:27:ec:22:ac |
[   12.764539] cloud-init[685]: ci-info: | enp0s8 | True | fe80::a00:27ff:feec:22ac/64 |       .       |  link  | 08:00:27:ec:22:ac |
[   12.765404] cloud-init[685]: ci-info: |   lo   | True |          127.0.0.1          |   255.0.0.0   |  host  |         .         |
[   12.766232] cloud-init[685]: ci-info: |   lo   | True |           ::1/128           |       .       |  host  |         .         |
[   12.767127] cloud-init[685]: ci-info: +--------+------+-----------------------------+---------------+--------+-------------------+
[   12.768060] cloud-init[685]: ci-info: +++++++++++++++++++++++++++++Route IPv4 info+++++++++++++++++++++++++++++
[   12.768884] cloud-init[685]: ci-info: +-------+--------------+----------+-----------------+-----------+-------+
[   12.769635] cloud-init[685]: ci-info: | Route | Destination  | Gateway  |     Genmask     | Interface | Flags |
[   12.770428] cloud-init[685]: ci-info: +-------+--------------+----------+-----------------+-----------+-------+
[   12.771206] cloud-init[685]: ci-info: |   0   |   0.0.0.0    | 10.0.2.2 |     0.0.0.0     |   enp0s3  |   UG  |
[   12.771972] cloud-init[685]: ci-info: |   1   |   10.0.2.0   | 0.0.0.0  |  255.255.255.0  |   enp0s3  |   U   |
[   12.772685] cloud-init[685]: ci-info: |   2   |   10.0.2.2   | 0.0.0.0  | 255.255.255.255 |   enp0s3  |   UH  |
[   12.773418] cloud-init[685]: ci-info: |   3   | 192.168.63.0 | 0.0.0.0  |  255.255.255.0  |   enp0s8  |   U   |
[   12.774328] cloud-init[685]: ci-info: +-------+--------------+----------+-----------------+-----------+-------+
[   12.775078] cloud-init[685]: ci-info: +++++++++++++++++++Route IPv6 info+++++++++++++++++++
[   12.775800] cloud-init[685]: ci-info: +-------+-------------+---------+-----------+-------+
[   12.776453] cloud-init[685]: ci-info: | Route | Destination | Gateway | Interface | Flags |
[   12.777109] cloud-init[685]: ci-info: +-------+-------------+---------+-----------+-------+
[   12.777758] cloud-init[685]: ci-info: |   1   |  fe80::/64  |    ::   |   enp0s8  |   U   |
[   12.778426] cloud-init[685]: ci-info: |   2   |  fe80::/64  |    ::   |   enp0s3  |   U   |
[   12.779259] cloud-init[685]: ci-info: |   4   |    local    |    ::   |   enp0s3  |   U   |
[   12.779989] cloud-init[685]: ci-info: |   5   |    local    |    ::   |   enp0s8  |   U   |
[   12.780679] cloud-init[685]: ci-info: |   6   |   ff00::/8  |    ::   |   enp0s8  |   U   |
[   12.781382] cloud-init[685]: ci-info: |   7   |   ff00::/8  |    ::   |   enp0s3  |   U   |
[   12.782045] cloud-init[685]: ci-info: +-------+-------------+---------+-----------+-------+
[[0;32m  OK  [0m] Started Initial cloud-init job (metadata service crawler).
[[0;32m  OK  [0m] Reached target Cloud-config availability.
[[0;32m  OK  [0m] Reached target System Initialization.
[[0;32m  OK  [0m] Listening on ACPID Listen Socket.
         Starting LXD - unix socket.
[[0;32m  OK  [0m] Started Clean PHP session files every 30 mins.
[[0;32m  OK  [0m] Listening on D-Bus System Message Bus Socket.
[[0;32m  OK  [0m] Started Discard unused blocks once a week.
[[0;32m  OK  [0m] Started Message of the Day.
[[0;32m  OK  [0m] Started ACPI Events Check.
[[0;32m  OK  [0m] Listening on cloud-init hotplug hook socket.
[[0;32m  OK  [0m] Started Ubuntu Advantage Timer for running repeated jobs.
         Starting Socket activation for snappy daemon.
[[0;32m  OK  [0m] Started Daily Cleanup of Temporary Directories.
[[0;32m  OK  [0m] Reached target Paths.
[[0;32m  OK  [0m] Listening on UUID daemon activation socket.
[[0;32m  OK  [0m] Listening on Open-iSCSI iscsid Socket.
[[0;32m  OK  [0m] Started Daily apt download activities.
[[0;32m  OK  [0m] Started Daily apt upgrade and clean activities.
[[0;32m  OK  [0m] Reached target Timers.
[[0;32m  OK  [0m] Reached target Network is Online.
         Starting Availability of block devices...
[[0;32m  OK  [0m] Reached target Remote File Systems (Pre).
         Mounting /vagrant...
[[0;32m  OK  [0m] Listening on LXD - unix socket.
[[0;32m  OK  [0m] Listening on Socket activation for snappy daemon.
[[0;32m  OK  [0m] Reached target Sockets.
[[0;32m  OK  [0m] Reached target Basic System.
[[0;32m  OK  [0m] Started D-Bus System Message Bus.
         Starting Virtualbox guest utils...
[[0;32m  OK  [0m] Reached target Login Prompts (Pre).
         Starting Snap Daemon...
         Starting LSB: Record successful boot for GRUB...
[[0;32m  OK  [0m] Started FUSE filesystem for LXC.
         Starting Accounts Service...
         Starting Dispatcher daemon for systemd-networkd...
[[0;32m  OK  [0m] Started Regular background program processing daemon.
[[0;32m  OK  [0m] Started irqbalance daemon.
         Starting Message of the Day...
         Starting Login Service...
[[0;32m  OK  [0m] Started Deferred execution scheduler.
         Starting OpenBSD Secure Shell server...
         Starting Clean php session files...
         Starting System Logging Service...
         Starting LXD - container startup/shutdown...
[[0;32m  OK  [0m] Started Availability of block devices.
[[0;32m  OK  [0m] Mounted /vagrant.
[[0;32m  OK  [0m] Reached target Remote File Systems.
         Starting The Apache HTTP Server...
         Starting LSB: automatic crash report generation...
         Starting Permit User Sessions...
[[0;32m  OK  [0m] Started Login Service.
[[0;32m  OK  [0m] Started Unattended Upgrades Shutdown.
[[0;32m  OK  [0m] Started System Logging Service.
[[0;32m  OK  [0m] Started Permit User Sessions.
         Starting Hold until boot process finishes up...
         Starting Terminate Plymouth Boot Screen...
[[0;32m  OK  [0m] Started Hold until boot process finishes up.
[[0;32m  OK  [0m] Started Serial Getty on ttyS0.
         Starting Set console scheme...
[[0;32m  OK  [0m] Started Terminate Plymouth Boot Screen.
[[0;32m  OK  [0m] Started Virtualbox guest utils.
[[0;32m  OK  [0m] Started Set console scheme.
[[0;32m  OK  [0m] Created slice system-getty.slice.
[[0;32m  OK  [0m] Started Getty on tty1.
[[0;32m  OK  [0m] Reached target Login Prompts.
         Starting Authorization Manager...
[[0;32m  OK  [0m] Started OpenBSD Secure Shell server.
[[0;32m  OK  [0m] Started LSB: Record successful boot for GRUB.
[[0;32m  OK  [0m] Started LSB: automatic crash report generation.
[[0;32m  OK  [0m] Started Authorization Manager.
[[0;32m  OK  [0m] Started Accounts Service.
[[0;32m  OK  [0m] Created slice User Slice of vagrant.
[[0;32m  OK  [0m] Started LXD - container startup/shutdown.
[[0;32m  OK  [0m] Started The Apache HTTP Server.
[[0;32m  OK  [0m] Started Session 1 of user vagrant.
         Starting User Manager for UID 1000...
[[0;32m  OK  [0m] Started Dispatcher daemon for systemd-networkd.
[[0;32m  OK  [0m] Started Clean php session files.
[[0;32m  OK  [0m] Started User Manager for UID 1000.
[[0;32m  OK  [0m] Started Snap Daemon.
         Starting Wait until snapd is fully seeded...
         Starting Time & Date Service...
[[0;32m  OK  [0m] Started Time & Date Service.
[[0;32m  OK  [0m] Started Wait until snapd is fully seeded.
         Starting Apply the settings specified in cloud-config...
[   15.374580] cloud-init[1338]: Cloud-init v. 22.4.2-0ubuntu0~18.04.1 running 'modules:config' at Wed, 22 Feb 2023 13:44:40 +0000. Up 15.27 seconds.
[[0;32m  OK  [0m] Started Message of the Day.
[[0;32m  OK  [0m] Started Apply the settings specified in cloud-config.
[[0;32m  OK  [0m] Reached target Multi-User System.
[[0;32m  OK  [0m] Reached target Graphical Interface.
         Starting Update UTMP about System Runlevel Changes...
         Starting Execute cloud user/final scripts...
[[0;32m  OK  [0m] Started Update UTMP about System Runlevel Changes.
[   16.073542] cloud-init[1488]: Cloud-init v. 22.4.2-0ubuntu0~18.04.1 running 'modules:final' at Wed, 22 Feb 2023 13:44:40 +0000. Up 15.93 seconds.
[   16.074682] cloud-init[1488]: Cloud-init v. 22.4.2-0ubuntu0~18.04.1 finished at Wed, 22 Feb 2023 13:44:40 +0000. Datasource DataSourceNoCloud [seed=/dev/sdb][dsmode=net].  Up 16.06 seconds
[[0;32m  OK  [0m] Started Execute cloud user/final scripts.
[[0;32m  OK  [0m] Reached target Cloud-init target.
         Starting Daily apt download activities...
         Starting Update APT News...
         Starting Update the local ESM caches...

Ubuntu 18.04.6 LTS ubuntu-bionic ttyS0

ubuntu-bionic login: 